androidHackathonApp/build/intermediates/manifest_merge_blame_file/debug/manifest-merger-blame-debug-report.txt
1<?xml version="1.0" encoding="utf-8"?>
2<manifest xmlns:android="http://schemas.android.com/apk/res/android"
3    package="com.kcc.kmmhackathon.androidHackathonApp"
4    android:versionCode="1"
5    android:versionName="1.0" >
6
7    <uses-sdk
8        android:minSdkVersion="24"
8-->src/main/AndroidManifest.xml
9        android:targetSdkVersion="29" />
9-->src/main/AndroidManifest.xml
10
11    <!-- Although the *SdkVersion is captured in gradle build files, this is required for non gradle builds -->
12    <!-- <uses-sdk android:minSdkVersion="14" /> -->
13    <uses-permission android:name="android.permission.ACCESS_NETWORK_STATE" />
13-->[com.google.firebase:firebase-firestore:22.0.0] AndroidManifest.xml:13:5-79
13-->[com.google.firebase:firebase-firestore:22.0.0] AndroidManifest.xml:13:22-76
14    <uses-permission android:name="android.permission.INTERNET" />
14-->[com.google.firebase:firebase-firestore:22.0.0] AndroidManifest.xml:14:5-67
14-->[com.google.firebase:firebase-firestore:22.0.0] AndroidManifest.xml:14:22-64
15
16    <application
16-->src/main/AndroidManifest.xml:4:5-15:19
17        android:allowBackup="false"
17-->src/main/AndroidManifest.xml:5:13-40
18        android:appComponentFactory="androidx.core.app.CoreComponentFactory"
18-->[androidx.core:core:1.3.0] AndroidManifest.xml:24:18-86
19        android:debuggable="true"
20        android:extractNativeLibs="false"
21        android:supportsRtl="true"
21-->src/main/AndroidManifest.xml:6:13-39
22        android:testOnly="true"
23        android:theme="@style/AppTheme" >
23-->src/main/AndroidManifest.xml:7:13-44
24        <activity android:name="com.kcc.kmmhackathon.androidHackathonApp.MainActivity" >
24-->src/main/AndroidManifest.xml:8:9-14:20
24-->src/main/AndroidManifest.xml:8:19-47
25            <intent-filter>
25-->src/main/AndroidManifest.xml:9:13-13:29
26                <action android:name="android.intent.action.MAIN" />
26-->src/main/AndroidManifest.xml:10:17-68
26-->src/main/AndroidManifest.xml:10:25-66
27
28                <category android:name="android.intent.category.LAUNCHER" />
28-->src/main/AndroidManifest.xml:12:17-76
28-->src/main/AndroidManifest.xml:12:27-74
29            </intent-filter>
30        </activity>
31
32        <service
32-->[com.google.firebase:firebase-firestore-ktx:22.0.0] AndroidManifest.xml:12:9-18:19
33            android:name="com.google.firebase.components.ComponentDiscoveryService"
33-->[com.google.firebase:firebase-firestore-ktx:22.0.0] AndroidManifest.xml:13:13-84
34            android:directBootAware="true"
34-->[com.google.firebase:firebase-common:19.3.1] AndroidManifest.xml:35:13-43
35            android:exported="false" >
35-->[com.google.firebase:firebase-firestore-ktx:22.0.0] AndroidManifest.xml:14:13-37
36            <meta-data
36-->[com.google.firebase:firebase-firestore-ktx:22.0.0] AndroidManifest.xml:15:13-17:85
37                android:name="com.google.firebase.components:com.google.firebase.firestore.ktx.FirebaseFirestoreKtxRegistrar"
37-->[com.google.firebase:firebase-firestore-ktx:22.0.0] AndroidManifest.xml:16:17-126
38                android:value="com.google.firebase.components.ComponentRegistrar" />
38-->[com.google.firebase:firebase-firestore-ktx:22.0.0] AndroidManifest.xml:17:17-82
39            <meta-data
39-->[com.google.firebase:firebase-common-ktx:19.3.1] AndroidManifest.xml:15:13-17:85
40                android:name="com.google.firebase.components:com.google.firebase.ktx.FirebaseCommonKtxRegistrar"
40-->[com.google.firebase:firebase-common-ktx:19.3.1] AndroidManifest.xml:16:17-113
41                android:value="com.google.firebase.components.ComponentRegistrar" />
41-->[com.google.firebase:firebase-common-ktx:19.3.1] AndroidManifest.xml:17:17-82
42            <meta-data
42-->[com.google.firebase:firebase-firestore:22.0.0] AndroidManifest.xml:20:13-22:85
43                android:name="com.google.firebase.components:com.google.firebase.firestore.FirestoreRegistrar"
43-->[com.google.firebase:firebase-firestore:22.0.0] AndroidManifest.xml:21:17-111
44                android:value="com.google.firebase.components.ComponentRegistrar" />
44-->[com.google.firebase:firebase-firestore:22.0.0] AndroidManifest.xml:22:17-82
45        </service>
46
47        <provider
47-->[com.google.firebase:firebase-common:19.3.1] AndroidManifest.xml:26:9-31:39
48            android:name="com.google.firebase.provider.FirebaseInitProvider"
48-->[com.google.firebase:firebase-common:19.3.1] AndroidManifest.xml:27:13-77
49            android:authorities="com.kcc.kmmhackathon.androidHackathonApp.firebaseinitprovider"
49-->[com.google.firebase:firebase-common:19.3.1] AndroidManifest.xml:28:13-72
50            android:directBootAware="true"
50-->[com.google.firebase:firebase-common:19.3.1] AndroidManifest.xml:29:13-43
51            android:exported="false"
51-->[com.google.firebase:firebase-common:19.3.1] AndroidManifest.xml:30:13-37
52            android:initOrder="100" />
52-->[com.google.firebase:firebase-common:19.3.1] AndroidManifest.xml:31:13-36
53
54        <activity
54-->[com.google.android.gms:play-services-base:17.0.0] AndroidManifest.xml:23:9-26:75
55            android:name="com.google.android.gms.common.api.GoogleApiActivity"
55-->[com.google.android.gms:play-services-base:17.0.0] AndroidManifest.xml:24:13-79
56            android:exported="false"
56-->[com.google.android.gms:play-services-base:17.0.0] AndroidManifest.xml:25:13-37
57            android:theme="@android:style/Theme.Translucent.NoTitleBar" />
57-->[com.google.android.gms:play-services-base:17.0.0] AndroidManifest.xml:26:13-72
58
59        <meta-data
59-->[com.google.android.gms:play-services-basement:17.0.0] AndroidManifest.xml:23:9-25:69
60            android:name="com.google.android.gms.version"
60-->[com.google.android.gms:play-services-basement:17.0.0] AndroidManifest.xml:24:13-58
61            android:value="@integer/google_play_services_version" />
61-->[com.google.android.gms:play-services-basement:17.0.0] AndroidManifest.xml:25:13-66
62    </application>
63
64</manifest>